((u'', u''), 23155)
((u'of', u'the'), 12420)
((u'in', u'the'), 5741)
((u'to', u'the'), 4331)
((u'"', u''), 3085)
((u'and', u'the'), 3065)
((u'on', u'the'), 2214)
((u'at', u'the'), 1915)
((u'by', u'the'), 1863)
((u'from', u'the'), 1752)
((u'of', u'a'), 1700)
((u'with', u'the'), 1656)
((u'to', u'be'), 1570)
((u'with', u'a'), 1333)
((u'that', u'the'), 1306)
((u'in', u'a'), 1301)
((u'for', u'the'), 1258)
((u'he', u'had'), 1236)
((u'did', u'not'), 1178)
((u'had', u'been'), 1094)
((u'of', u'his'), 1059)
((u'it', u'is'), 999)
((u'may', u'be'), 989)
((u'into', u'the'), 954)
((u'the', u'same'), 910)
((u'it', u'was'), 909)
((u'he', u'was'), 885)
((u'that', u'he'), 839)
((u'as', u'a'), 787)
((u'Prince', u'Andrew'), 785)
((u'in', u'his'), 759)
((u'as', u'the'), 748)
((u'and', u'a'), 678)
((u'all', u'the'), 645)
((u'was', u'a'), 642)
((u'could', u'not'), 623)
((u'and', u'in'), 606)
((u'one', u'of'), 599)
((u'In', u'the'), 594)
((u'to', u'him'), 592)
((u'is', u'a'), 585)
((u'to', u'his'), 580)
((u'and', u'that'), 579)
((u'should', u'be'), 565)
((u'was', u'the'), 558)
((u'with', u'his'), 558)
((u'the', u'first'), 542)
((u'for', u'a'), 533)
((u'who', u'had'), 527)
((u'to', u'a'), 524)
((u'It', u'was'), 521)
((u'I', u'have'), 518)
((u'the', u'French'), 515)
((u'out', u'of'), 510)
((u'as', u'if'), 493)
((u'in', u'which'), 493)
((u'is', u'the'), 490)
((u'', u'The'), 484)
((u'as', u'he'), 482)
((u'have', u'been'), 481)
((u'that', u'it'), 474)
((u'by', u'a'), 472)
((u'there', u'is'), 471)
((u'I', u'am'), 460)
((u'and', u'he'), 452)
((u'was', u'not'), 445)
((u'the', u'other'), 441)
((u'to', u'her'), 441)
((u'and', u'to'), 440)
((u'the', u'whole'), 438)
((u'up', u'to'), 432)
((u'the', u'old'), 431)
((u'It', u'is'), 430)
((u'the', u'United'), 422)
((u'and', u'his'), 418)
((u'said', u'the'), 412)
((u'seemed', u'to'), 409)
((u'would', u'be'), 409)
((u'over', u'the'), 408)
((u'upon', u'the'), 407)
((u'has', u'been'), 406)
((u'which', u'he'), 404)
((u'through', u'the'), 401)
((u'is', u'not'), 396)
((u'of', u'this'), 394)
((u'that', u'I'), 393)
((u'on', u'his'), 392)
((u'Princess', u'Mary'), 386)
((u'of', u'their'), 377)
((u'must', u'be'), 366)
((u'of', u'her'), 362)
((u'they', u'were'), 362)
((u'under', u'the'), 362)
((u'when', u'the'), 360)
((u'began', u'to'), 359)
((u'which', u'the'), 357)
((u'and', u'I'), 351)
((u'she', u'had'), 349)
((u'such', u'as'), 348)
((u'there', u'was'), 342)
